09/26/2024 09:16 | Level.kitchen.02 | 0h 0m 27s
09/26/2024 09:19 | Level.kitchen.02 | 0h 0m 35s
09/26/2024 09:23 | Level.kitchen.02 | 0h 2m 9s
09/26/2024 09:35 | Level.kitchen.02 | 0h 5m 7s
09/26/2024 09:39 | Level.kitchen.02 | 0h 2m 24s
09/26/2024 09:44 | Level.kitchen.02 | 0h 3m 12s
09/26/2024 09:51 | Level.kitchen.02 | 0h 3m 15s
09/26/2024 10:08 | Level.kitchen.02 | 0h 3m 12s
09/26/2024 10:12 | Level.kitchen.02 | 0h 3m 9s
09/26/2024 10:16 | Level.kitchen.02 | 0h 3m 7s
09/26/2024 10:53 | Level.kitchen.02 | 0h 3m 11s
09/26/2024 11:06 | Level.kitchen.02 | 0h 3m 10s
09/26/2024 11:12 | Level.kitchen.02 | 0h 3m 18s
09/26/2024 11:19 | Level.kitchen.02 | 0h 3m 6s
09/26/2024 11:23 | Level.kitchen.02 | 0h 3m 6s
09/26/2024 11:27 | Level.kitchen.02 | 0h 3m 12s
09/26/2024 11:31 | Level.kitchen.02 | 0h 3m 9s
09/26/2024 11:35 | Level.kitchen.02 | 0h 3m 17s
09/26/2024 11:39 | Level.kitchen.02 | 0h 3m 12s
09/26/2024 11:47 | Level.kitchen.02 | 0h 3m 11s
09/26/2024 11:51 | Level.kitchen.02 | 0h 3m 12s
09/26/2024 12:03 | Level.kitchen.02 | 0h 3m 15s
09/26/2024 12:26 | Level.kitchen.02 | 0h 3m 10s
09/26/2024 12:30 | Level.kitchen.02 | 0h 3m 8s
10/10/2024 10:19 | Level.kitchen.02 | 0h 3m 25s
10/10/2024 10:32 | Level.kitchen.02 | 0h 3m 14s
10/10/2024 10:43 | Level.kitchen.02 | 0h 3m 24s
10/10/2024 11:54 | Level.kitchen.02 | 0h 3m 23s
10/10/2024 11:57 | Level.kitchen.02 | 0h 0m 55s
10/10/2024 11:59 | Level.kitchen.02 | 0h 0m 53s
10/10/2024 12:01 | Level.kitchen.02 | 0h 0m 51s
10/10/2024 12:03 | Level.kitchen.02 | 0h 0m 56s
10/10/2024 12:04 | Level.kitchen.02 | 0h 0m 54s
10/10/2024 12:05 | Level.kitchen.02 | 0h 0m 53s
10/10/2024 12:07 | Level.kitchen.02 | 0h 0m 54s
10/10/2024 12:11 | Level.kitchen.02 | 0h 0m 53s
10/10/2024 12:13 | Level.kitchen.02 | 0h 0m 50s
10/10/2024 12:16 | Level.kitchen.02 | 0h 0m 56s
10/21/2024 09:37 | Level.kitchen.01 | 0h 0m 40s
10/21/2024 09:41 | Level.kitchen.01 | 0h 2m 58s
10/21/2024 09:45 | Level.kitchen.01 | 0h 3m 2s
10/21/2024 09:53 | Level.kitchen.03v3 | 0h 3m 47s
10/21/2024 10:00 | Level.kitchen.03v3 | 0h 3m 54s
10/21/2024 10:06 | Level.kitchen.02 | 0h 2m 50s
10/21/2024 10:11 | Level.kitchen.01 | 0h 3m 7s
10/21/2024 10:24 | Level.kitchen.01 | 0h 2m 56s
10/21/2024 10:28 | Level.kitchen.02 | 0h 2m 50s
10/21/2024 10:32 | Level.kitchen.01 | 0h 2m 39s
10/21/2024 10:35 | Level.kitchen.02 | 0h 2m 50s
10/21/2024 10:40 | Level.kitchen.03v3 | 0h 4m 5s
10/21/2024 10:47 | Level.kitchen.01 | 0h 3m 11s
10/21/2024 13:39 | Level.kitchen.02 | 0h 2m 48s
10/21/2024 13:48 | Level.kitchen.02 | 0h 2m 46s
10/21/2024 14:39 | Level.kitchen.02 | 0h 2m 29s
10/21/2024 14:52 | Level.kitchen.02 | 0h 2m 48s
10/21/2024 14:56 | Level.kitchen.02 | 0h 2m 42s
10/21/2024 15:00 | Level.kitchen.02 | 0h 2m 48s
10/21/2024 15:18 | Level.kitchen.02 | 0h 3m 0s
10/21/2024 15:55 | Level.kitchen.01 | 0h 2m 52s
10/21/2024 16:00 | Level.kitchen.03v3 | 0h 3m 43s
10/21/2024 16:15 | Level.kitchen.01 | 0h 3m 49s
10/23/2024 11:03 | Level.kitchen.01 | 0h 2m 55s
10/23/2024 11:48 | Level.kitchen.03v3 | 0h 4m 1s
10/23/2024 12:16 | Level.kitchen.03v3 | 0h 4m 0s
10/23/2024 12:26 | Level.kitchen.02 | 0h 2m 51s
10/23/2024 12:33 | Level.kitchen.02 | 0h 3m 9s
10/23/2024 12:41 | Level.kitchen.01 | 0h 2m 53s
10/23/2024 12:51 | Level.kitchen.01 | 0h 2m 58s
10/23/2024 13:01 | Level.kitchen.02 | 0h 2m 37s
10/23/2024 13:06 | Level.kitchen.02 | 0h 2m 32s
10/23/2024 13:10 | Level.kitchen.03v3 | 0h 3m 24s
10/23/2024 13:18 | Level.kitchen.03v3 | 0h 3m 31s
10/23/2024 14:02 | Level.kitchen.03v3 | 0h 3m 22s
10/23/2024 14:27 | Level.kitchen.03v3 | 0h 3m 27s
10/23/2024 14:38 | Level.kitchen.02 | 0h 2m 34s
10/23/2024 14:43 | Level.kitchen.01 | 0h 2m 52s
11/28/2024 12:31 | Level.kitchen.01 | 0h 4m 22s
11/29/2024 09:44 | Level.kitchen.01 | 0h 4m 0s
11/29/2024 09:52 | Level.kitchen.01 | 0h 3m 53s
11/29/2024 10:04 | Level.kitchen.01 | 0h 5m 28s
11/29/2024 10:08 | Level.kitchen.02 | 0h 2m 8s
11/29/2024 10:13 | Level.kitchen.02 | 0h 3m 32s
11/29/2024 10:17 | Level.kitchen.02 | 0h 3m 45s
11/29/2024 10:23 | Level.kitchen.02 | 0h 3m 43s
11/29/2024 10:31 | Level.kitchen.03v3 | 0h 4m 41s
11/29/2024 10:38 | Level.kitchen.03v3 | 0h 5m 6s
11/29/2024 10:49 | Level.kitchen.04 | 0h 1m 51s
11/29/2024 10:54 | Level.kitchen.04 | 0h 1m 52s
11/29/2024 10:57 | Level.kitchen.04 | 0h 1m 45s
11/29/2024 11:01 | Kitchen_Test_Assets | 0h 1m 44s
11/29/2024 11:05 | Kitchen_Test_Assets | 0h 2m 9s
12/02/2024 12:57 | Level.kitchen.01 | 0h 4m 25s
12/02/2024 13:37 | Level.kitchen.03v3 | 0h 5m 16s
12/04/2024 09:51 | Level.kitchen.01 | 0h 4m 7s
12/04/2024 09:56 | Level.kitchen.01 | 0h 4m 4s
12/04/2024 10:00 | Level.kitchen.01 | 0h 3m 14s
12/04/2024 10:04 | Level.kitchen.01 | 0h 3m 13s
12/04/2024 10:09 | Level.kitchen.01 | 0h 3m 21s
12/04/2024 10:13 | Level.kitchen.01 | 0h 3m 38s
12/04/2024 10:19 | Level.kitchen.01 | 0h 3m 16s
12/04/2024 10:23 | Level.kitchen.01 | 0h 3m 32s
12/04/2024 10:27 | Level.kitchen.01 | 0h 3m 25s
12/04/2024 10:33 | Level.kitchen.01 | 0h 3m 27s
12/04/2024 10:37 | Level.kitchen.01 | 0h 3m 33s
12/04/2024 11:00 | Level.kitchen.01 | 0h 3m 48s
12/04/2024 11:09 | Level.kitchen.01 | 0h 3m 43s
12/04/2024 11:27 | Level.kitchen.01 | 0h 4m 11s
12/04/2024 11:36 | Level.kitchen.02 | 0h 3m 45s
12/04/2024 11:40 | Level.kitchen.02 | 0h 3m 39s
12/04/2024 11:49 | Level.kitchen.03v3 | 0h 3m 51s
12/04/2024 11:56 | Level.kitchen.03v3 | 0h 3m 48s
12/04/2024 12:08 | Level.kitchen.01 | 0h 4m 9s
12/04/2024 12:12 | Level.kitchen.01_Night | 0h 3m 25s
12/04/2024 12:16 | Level.kitchen.02 | 0h 3m 54s
12/04/2024 12:20 | Level.kitchen.02_Night | 0h 3m 15s
12/04/2024 12:25 | Level.kitchen.03v3 | 0h 4m 53s
12/04/2024 12:29 | Level.kitchen.03v3_Night | 0h 3m 53s
12/04/2024 12:35 | Level.kitchen.03v3 | 0h 4m 55s
12/05/2024 11:22 | Level.kitchen.05 | 0h 2m 31s
12/05/2024 11:25 | Level.kitchen.05 | 0h 2m 16s
12/05/2024 11:29 | Level.kitchen.05 | 0h 2m 44s
12/05/2024 11:49 | Level.kitchen.01_Evening | 0h 4m 22s
12/05/2024 12:13 | Level.kitchen.01_Evening | 0h 4m 4s
12/05/2024 12:17 | Level.kitchen.01_Evening | 0h 3m 59s
12/05/2024 12:24 | Level.kitchen.01_Evening | 0h 4m 15s
12/05/2024 12:29 | Level.kitchen.01_Evening | 0h 4m 5s
12/05/2024 12:34 | Level.kitchen.01_Evening | 0h 3m 47s
12/05/2024 12:59 | Level.kitchen.01_Evening | 0h 3m 40s
12/05/2024 13:37 | Level.kitchen.01_Evening | 0h 3m 53s
12/05/2024 13:44 | Level.kitchen.02_Evening | 0h 4m 2s
12/05/2024 13:50 | Level.kitchen.02_Evening | 0h 4m 31s
12/05/2024 13:59 | Level.kitchen.02_Evening | 0h 4m 33s
12/05/2024 14:06 | Level.kitchen.03v3_Evening | 0h 4m 11s
12/05/2024 14:11 | Level.kitchen.03v3_Evening | 0h 4m 14s
